<?xml version="1.0" encoding="UTF-8"?>
<!-- Generated by org.testng.reporters.JUnitXMLReporter -->
<testsuite ignored="0" hostname="DESKTOP-1TOPEL2" failures="0" tests="9" name="Test" time="0.166" errors="0" timestamp="2023-05-23T09:55:04 IST">
  <testcase classname="testNGpack2.DemoTest3" name="g" time="0.014"/>
  <testcase classname="testNGpack2.DemoTest3" name="h" time="0.007"/>
  <testcase classname="testNGpack2.DemoTest3" name="i" time="0.006"/>
  <testcase classname="testNGpack2.DemoTest1" name="a" time="0.002"/>
  <testcase classname="testNGpack2.DemoTest1" name="b" time="0.002"/>
  <testcase classname="testNGpack2.DemoTest1" name="c" time="0.011"/>
  <testcase classname="testNGpack2.DemoTest2" name="d" time="0.005"/>
  <testcase classname="testNGpack2.DemoTest2" name="e" time="0.003"/>
  <testcase classname="testNGpack2.DemoTest2" name="f" time="0.003"/>
</testsuite> <!-- Test -->
