<?xml version="1.0" encoding="UTF-8"?>
<!-- Generated by org.testng.reporters.JUnitXMLReporter -->
<testsuite ignored="0" hostname="DESKTOP-1TOPEL2" failures="0" tests="5" name="Default test" time="20.614" errors="0" timestamp="2023-05-30T10:34:22 IST">
  <testcase classname="dynamicScreenShot.ActiTimeDataProvider" name="loginInvalid" time="2.492"/>
  <testcase classname="dynamicScreenShot.ActiTimeDataProvider" name="loginInvalid" time="2.47"/>
  <testcase classname="dynamicScreenShot.ActiTimeDataProvider" name="loginInvalid" time="2.44"/>
  <testcase classname="dynamicScreenShot.ActiTimeDataProvider" name="loginInvalid" time="2.464"/>
  <testcase classname="dynamicScreenShot.ActiTimeDataProvider" name="loginInvalid" time="2.455"/>
</testsuite> <!-- Default test -->
