<?xml version="1.0" encoding="UTF-8"?>
<testng-results ignored="0" total="5" passed="5" failed="0" skipped="0">
  <reporter-output>
  </reporter-output>
  <suite started-at="2023-05-30T10:34:01 IST" name="Default suite" finished-at="2023-05-30T10:34:22 IST" duration-ms="20614">
    <groups>
    </groups>
    <test started-at="2023-05-30T10:34:01 IST" name="Default test" finished-at="2023-05-30T10:34:22 IST" duration-ms="20614">
      <class name="dynamicScreenShot.ActiTimeDataProvider">
        <test-method is-config="true" signature="propety()[pri:0, instance:dynamicScreenShot.ActiTimeDataProvider@3d5c822d]" started-at="2023-05-30T10:34:01 IST" name="propety" finished-at="2023-05-30T10:34:01 IST" duration-ms="9" status="PASS">
          <reporter-output>
          </reporter-output>
        </test-method> <!-- propety -->
        <test-method is-config="true" signature="setUp()[pri:0, instance:dynamicScreenShot.ActiTimeDataProvider@3d5c822d]" started-at="2023-05-30T10:34:01 IST" name="setUp" finished-at="2023-05-30T10:34:03 IST" duration-ms="2234" status="PASS">
          <reporter-output>
          </reporter-output>
        </test-method> <!-- setUp -->
        <test-method signature="loginInvalid(java.lang.String,java.lang.String)[pri:0, instance:dynamicScreenShot.ActiTimeDataProvider@3d5c822d]" started-at="2023-05-30T10:34:03 IST" name="loginInvalid" data-provider="testActiTime" finished-at="2023-05-30T10:34:06 IST" duration-ms="2492" status="PASS">
          <params>
            <param index="0">
              <value>
                <![CDATA[Admin]]>
              </value>
            </param>
            <param index="1">
              <value>
                <![CDATA[Manager]]>
              </value>
            </param>
          </params>
          <reporter-output>
          </reporter-output>
        </test-method> <!-- loginInvalid -->
        <test-method is-config="true" signature="tearDown()[pri:0, instance:dynamicScreenShot.ActiTimeDataProvider@3d5c822d]" started-at="2023-05-30T10:34:06 IST" name="tearDown" finished-at="2023-05-30T10:34:06 IST" duration-ms="224" status="PASS">
          <reporter-output>
          </reporter-output>
        </test-method> <!-- tearDown -->
        <test-method is-config="true" signature="setUp()[pri:0, instance:dynamicScreenShot.ActiTimeDataProvider@3d5c822d]" started-at="2023-05-30T10:34:06 IST" name="setUp" finished-at="2023-05-30T10:34:07 IST" duration-ms="1278" status="PASS">
          <reporter-output>
          </reporter-output>
        </test-method> <!-- setUp -->
        <test-method signature="loginInvalid(java.lang.String,java.lang.String)[pri:0, instance:dynamicScreenShot.ActiTimeDataProvider@3d5c822d]" started-at="2023-05-30T10:34:07 IST" name="loginInvalid" data-provider="testActiTime" finished-at="2023-05-30T10:34:10 IST" duration-ms="2470" status="PASS">
          <params>
            <param index="0">
              <value>
                <![CDATA[Admin123]]>
              </value>
            </param>
            <param index="1">
              <value>
                <![CDATA[manage123r]]>
              </value>
            </param>
          </params>
          <reporter-output>
          </reporter-output>
        </test-method> <!-- loginInvalid -->
        <test-method is-config="true" signature="tearDown()[pri:0, instance:dynamicScreenShot.ActiTimeDataProvider@3d5c822d]" started-at="2023-05-30T10:34:10 IST" name="tearDown" finished-at="2023-05-30T10:34:10 IST" duration-ms="222" status="PASS">
          <reporter-output>
          </reporter-output>
        </test-method> <!-- tearDown -->
        <test-method is-config="true" signature="setUp()[pri:0, instance:dynamicScreenShot.ActiTimeDataProvider@3d5c822d]" started-at="2023-05-30T10:34:10 IST" name="setUp" finished-at="2023-05-30T10:34:11 IST" duration-ms="1090" status="PASS">
          <reporter-output>
          </reporter-output>
        </test-method> <!-- setUp -->
        <test-method signature="loginInvalid(java.lang.String,java.lang.String)[pri:0, instance:dynamicScreenShot.ActiTimeDataProvider@3d5c822d]" started-at="2023-05-30T10:34:11 IST" name="loginInvalid" data-provider="testActiTime" finished-at="2023-05-30T10:34:14 IST" duration-ms="2440" status="PASS">
          <params>
            <param index="0">
              <value>
                <![CDATA[Ad@min]]>
              </value>
            </param>
            <param index="1">
              <value>
                <![CDATA[ma@nager]]>
              </value>
            </param>
          </params>
          <reporter-output>
          </reporter-output>
        </test-method> <!-- loginInvalid -->
        <test-method is-config="true" signature="tearDown()[pri:0, instance:dynamicScreenShot.ActiTimeDataProvider@3d5c822d]" started-at="2023-05-30T10:34:14 IST" name="tearDown" finished-at="2023-05-30T10:34:14 IST" duration-ms="198" status="PASS">
          <reporter-output>
          </reporter-output>
        </test-method> <!-- tearDown -->
        <test-method is-config="true" signature="setUp()[pri:0, instance:dynamicScreenShot.ActiTimeDataProvider@3d5c822d]" started-at="2023-05-30T10:34:14 IST" name="setUp" finished-at="2023-05-30T10:34:15 IST" duration-ms="1284" status="PASS">
          <reporter-output>
          </reporter-output>
        </test-method> <!-- setUp -->
        <test-method signature="loginInvalid(java.lang.String,java.lang.String)[pri:0, instance:dynamicScreenShot.ActiTimeDataProvider@3d5c822d]" started-at="2023-05-30T10:34:15 IST" name="loginInvalid" data-provider="testActiTime" finished-at="2023-05-30T10:34:18 IST" duration-ms="2464" status="PASS">
          <params>
            <param index="0">
              <value>
                <![CDATA[Adm_in]]>
              </value>
            </param>
            <param index="1">
              <value>
                <![CDATA[mana_ger]]>
              </value>
            </param>
          </params>
          <reporter-output>
          </reporter-output>
        </test-method> <!-- loginInvalid -->
        <test-method is-config="true" signature="tearDown()[pri:0, instance:dynamicScreenShot.ActiTimeDataProvider@3d5c822d]" started-at="2023-05-30T10:34:18 IST" name="tearDown" finished-at="2023-05-30T10:34:18 IST" duration-ms="200" status="PASS">
          <reporter-output>
          </reporter-output>
        </test-method> <!-- tearDown -->
        <test-method is-config="true" signature="setUp()[pri:0, instance:dynamicScreenShot.ActiTimeDataProvider@3d5c822d]" started-at="2023-05-30T10:34:18 IST" name="setUp" finished-at="2023-05-30T10:34:19 IST" duration-ms="1230" status="PASS">
          <reporter-output>
          </reporter-output>
        </test-method> <!-- setUp -->
        <test-method signature="loginInvalid(java.lang.String,java.lang.String)[pri:0, instance:dynamicScreenShot.ActiTimeDataProvider@3d5c822d]" started-at="2023-05-30T10:34:19 IST" name="loginInvalid" data-provider="testActiTime" finished-at="2023-05-30T10:34:22 IST" duration-ms="2455" status="PASS">
          <params>
            <param index="0">
              <value>
                <![CDATA[Manager]]>
              </value>
            </param>
            <param index="1">
              <value>
                <![CDATA[Admin]]>
              </value>
            </param>
          </params>
          <reporter-output>
          </reporter-output>
        </test-method> <!-- loginInvalid -->
        <test-method is-config="true" signature="tearDown()[pri:0, instance:dynamicScreenShot.ActiTimeDataProvider@3d5c822d]" started-at="2023-05-30T10:34:22 IST" name="tearDown" finished-at="2023-05-30T10:34:22 IST" duration-ms="248" status="PASS">
          <reporter-output>
          </reporter-output>
        </test-method> <!-- tearDown -->
      </class> <!-- dynamicScreenShot.ActiTimeDataProvider -->
    </test> <!-- Default test -->
  </suite> <!-- Default suite -->
</testng-results>
